[13/05/2024 17:11:16] [Basico] root
[13/05/2024 17:11:31] [Basico] root
[13/05/2024 17:11:34] [Basico] root
[13/05/2024 17:11:43] [Basico] root
[14/05/2024 12:45:47] [Basico] root
[14/05/2024 12:45:50] [Basico] root
[14/05/2024 12:46:00] [Basico] root
[14/05/2024 13:19:27] [Basico] root
[14/05/2024 13:19:30] [Basico] root
[14/05/2024 13:19:35] [Basico] root
[14/05/2024 13:49:12] [Basico] root
[14/05/2024 13:49:13] [Basico] root
[14/05/2024 13:49:32] [Basico] root
[15/05/2024 11:21:50] [Basico] root
[15/05/2024 11:21:55] [Basico] root
[15/05/2024 11:22:07] [Basico] root
[15/05/2024 11:22:22] [Administrador] root
[15/05/2024 11:22:26] [Administrador] root
[15/05/2024 11:55:33] [Basico] root
[15/05/2024 11:55:45] [Basico] root
[15/05/2024 11:57:08] [Basico] root
[15/05/2024 11:57:11] [Basico] root
[15/05/2024 11:58:56] [Basico] root
[15/05/2024 11:58:59] [Basico] root
[15/05/2024 12:00:45] [Basico] root
[15/05/2024 12:26:19] [Basico] root
[15/05/2024 12:27:01] [Basico] root
[15/05/2024 12:27:04] [Basico] root
[15/05/2024 12:27:42] [Basico] root
[15/05/2024 12:27:48] [Basico] root
[15/05/2024 12:27:56] [Basico] root
[15/05/2024 12:32:10] [Basico] root
[15/05/2024 12:32:34] [Basico] root
[15/05/2024 12:32:42] [Basico] root
[15/05/2024 12:34:02] [Basico] root
[15/05/2024 12:34:03] [Basico] root
[15/05/2024 12:36:38] [Basico] root
[15/05/2024 12:36:46] [Basico] root
[15/05/2024 12:42:57] [Basico] root
[15/05/2024 12:44:09] [Basico] root
[15/05/2024 12:44:20] [Basico] root
[15/05/2024 12:44:23] [Basico] root
[15/05/2024 12:44:44] [Basico] root
[15/05/2024 12:44:47] [Basico] root
[15/05/2024 12:44:50] [Basico] root
[15/05/2024 12:45:36] [Basico] root
[15/05/2024 12:51:55] [Basico] root
[15/05/2024 12:52:06] [Basico] root
[15/05/2024 12:52:18] [Basico] root
[15/05/2024 13:07:09] [Basico] root
[15/05/2024 13:07:13] [Basico] root
[15/05/2024 13:07:21] [Basico] root
[15/05/2024 13:07:29] [Basico] root
[15/05/2024 13:07:42] [Basico] root
[15/05/2024 13:08:24] [Basico] root
[15/05/2024 13:08:28] [Basico] root
[15/05/2024 13:08:51] [Basico] root
[15/05/2024 13:12:41] [Basico] root
[15/05/2024 13:12:52] [Basico] root
[15/05/2024 13:16:45] [Basico] root
[15/05/2024 13:16:58] [Basico] root
[15/05/2024 13:17:03] [Basico] root
[15/05/2024 13:17:32] [Basico] root
[15/05/2024 13:18:30] [Basico] root
[15/05/2024 13:20:25] [Basico] root
[15/05/2024 13:20:35] [Basico] root
[15/05/2024 13:21:43] [Basico] root
[15/05/2024 13:21:51] [Basico] root
[15/05/2024 13:28:04] [Basico] root
[15/05/2024 13:28:08] [Basico] root
[15/05/2024 13:29:08] [Basico] root
[15/05/2024 13:29:13] [Basico] root
[15/05/2024 13:29:33] [Basico] root
[15/05/2024 13:29:44] [Basico] root
[15/05/2024 13:29:48] [Basico] root
[15/05/2024 13:30:28] [Basico] root
[15/05/2024 13:30:46] [Basico] root
[15/05/2024 13:30:55] [Basico] root
[15/05/2024 13:39:16] [Basico] root
[15/05/2024 13:39:53] [Basico] root
[15/05/2024 13:39:54] [Basico] root
[15/05/2024 13:41:05] [Basico] root
[15/05/2024 13:41:15] [Basico] root
[15/05/2024 13:41:26] [Basico] root
[15/05/2024 13:41:42] [Basico] root
[15/05/2024 13:41:45] [Basico] root
[15/05/2024 13:42:00] [Basico] root
[15/05/2024 13:42:11] [Basico] root
[15/05/2024 13:43:25] [Basico] root
[15/05/2024 13:43:41] [Basico] root
[15/05/2024 13:45:52] [Basico] root
[15/05/2024 13:46:50] [Basico] root
[15/05/2024 13:46:59] [Basico] root
[15/05/2024 13:47:29] [Basico] root
[15/05/2024 13:51:08] [Basico] root
[15/05/2024 13:51:20] [Basico] root
[15/05/2024 13:51:32] [Basico] root
[15/05/2024 13:51:33] [Basico] root
[15/05/2024 13:52:12] [Basico] root
[15/05/2024 13:55:22] [Basico] root
[15/05/2024 13:55:30] [Basico] root
[15/05/2024 13:59:14] [Basico] root
[15/05/2024 14:00:00] [Basico] root
[15/05/2024 14:02:17] [Basico] root
[15/05/2024 14:02:37] [Basico] root
[15/05/2024 14:02:58] [Basico] root
[15/05/2024 14:03:32] [Basico] root
[15/05/2024 14:05:12] [Basico] root
[15/05/2024 14:05:20] [Basico] root
[15/05/2024 14:05:23] [Basico] root
[15/05/2024 14:13:04] [Basico] root
[15/05/2024 14:13:11] [Basico] root
[15/05/2024 14:13:14] [Basico] root
[15/05/2024 14:13:37] [Basico] root
[15/05/2024 14:13:41] [Basico] root
[15/05/2024 14:13:54] [Basico] root
[15/05/2024 14:14:11] [Basico] root
[15/05/2024 14:14:15] [Basico] root
[15/05/2024 14:14:16] [Basico] root
[15/05/2024 14:14:17] [Basico] root
[15/05/2024 14:14:20] [Basico] root
[15/05/2024 14:14:46] [Basico] root
[15/05/2024 14:15:15] [Basico] root
[15/05/2024 14:15:21] [Basico] root
[15/05/2024 14:16:15] [Basico] root
[15/05/2024 14:16:23] [Basico] root
[15/05/2024 14:17:03] [Basico] root
[15/05/2024 14:17:04] [Basico] root
[15/05/2024 14:17:10] [Basico] root
[15/05/2024 14:17:11] [Basico] root
[15/05/2024 14:17:23] [Basico] root
[15/05/2024 14:17:27] [Basico] root
[15/05/2024 14:17:48] [Basico] root
[15/05/2024 14:18:04] [Basico] root
[15/05/2024 14:18:07] [Basico] root
[15/05/2024 14:18:10] [Basico] root
[15/05/2024 14:18:23] [Basico] root
[15/05/2024 14:18:26] [Basico] root
[15/05/2024 14:18:42] [Basico] root
[15/05/2024 14:18:44] [Basico] root
[15/05/2024 14:19:14] [Basico] root
[15/05/2024 14:19:19] [Basico] root
[15/05/2024 14:19:20] [Basico] root
[15/05/2024 14:19:25] [Basico] root
[15/05/2024 16:35:48] [Basico] root
[15/05/2024 16:35:50] [Basico] root
[15/05/2024 16:35:58] [Basico] root
[15/05/2024 16:36:17] [Basico] root
[15/05/2024 16:36:30] [Basico] root
[15/05/2024 16:36:32] [Basico] root
[15/05/2024 16:36:35] [Basico] root
[15/05/2024 16:36:36] [Basico] root
[15/05/2024 16:36:47] [Basico] root
[15/05/2024 16:36:50] [Basico] root
[15/05/2024 16:37:01] [Basico] root
[15/05/2024 16:37:03] [Basico] root
[15/05/2024 16:37:20] [Basico] root
[15/05/2024 16:42:42] [Basico] root
[15/05/2024 16:42:44] [Basico] root
[15/05/2024 16:43:02] [Basico] root
[15/05/2024 16:43:57] [Basico] root
[15/05/2024 16:43:58] [Basico] root
[15/05/2024 16:44:09] [Basico] root
[15/05/2024 16:51:23] [Basico] root
[15/05/2024 16:51:27] [Basico] root
[15/05/2024 16:51:31] [Basico] root
[15/05/2024 16:52:03] [Basico] root
[15/05/2024 16:52:05] [Basico] root
[15/05/2024 16:52:07] [Basico] root
[15/05/2024 16:52:15] [Basico] root
[15/05/2024 16:55:31] [Basico] root
[15/05/2024 16:56:19] [Basico] root
[15/05/2024 16:56:26] [Basico] root
[15/05/2024 16:56:48] [Basico] root
[15/05/2024 16:57:03] [Basico] root
[15/05/2024 16:57:33] [Basico] root
[15/05/2024 16:57:48] [Basico] root
[15/05/2024 16:58:12] [Basico] root
[15/05/2024 16:58:14] [Basico] root
[15/05/2024 16:58:46] [Basico] root
[15/05/2024 17:02:47] [Basico] root
[15/05/2024 17:03:11] [Basico] root
[15/05/2024 17:03:15] [Basico] root
[15/05/2024 17:06:19] [Basico] root
[15/05/2024 17:06:59] [Basico] root
[15/05/2024 17:07:47] [Basico] root
[15/05/2024 17:08:17] [Basico] root
[15/05/2024 17:08:35] [Basico] root
[15/05/2024 17:11:28] [Basico] root
[15/05/2024 17:11:59] [Basico] root
[15/05/2024 17:12:18] [Basico] root
[15/05/2024 17:13:09] [Basico] root
[15/05/2024 17:13:23] [Basico] root
[15/05/2024 17:13:30] [Basico] root
[15/05/2024 17:13:38] [Basico] root
[15/05/2024 17:14:30] [Basico] root
[15/05/2024 17:15:05] [Basico] root
[15/05/2024 17:15:58] [Basico] root
[15/05/2024 17:15:59] [Basico] root
[15/05/2024 17:16:03] [Basico] root
[15/05/2024 17:16:04] [Basico] root
[15/05/2024 17:16:35] [Basico] root
[15/05/2024 17:16:38] [Basico] root
[15/05/2024 17:17:12] [Basico] root
[15/05/2024 17:17:37] [Basico] root
[15/05/2024 17:19:02] [Basico] root
[15/05/2024 17:19:04] [Basico] root
[15/05/2024 17:19:11] [Basico] root
[15/05/2024 17:20:33] [Basico] root
[15/05/2024 17:20:47] [Basico] root
[15/05/2024 17:20:53] [Basico] root
[15/05/2024 17:20:54] [Basico] root
[15/05/2024 17:20:58] [Basico] root
[15/05/2024 17:20:58] [Basico] root
[15/05/2024 17:21:00] [Basico] root
[15/05/2024 17:21:33] [Basico] root
[15/05/2024 17:21:37] [Basico] root
[15/05/2024 17:22:45] [Basico] root
[15/05/2024 17:22:50] [Basico] root
[15/05/2024 17:23:43] [Basico] root
[15/05/2024 17:23:51] [Basico] root
[15/05/2024 17:39:15] [Basico] root
[15/05/2024 17:40:13] [Basico] root
[15/05/2024 17:46:08] [Basico] root
[15/05/2024 17:49:47] [Basico] root
[15/05/2024 17:49:54] [Basico] root
[15/05/2024 17:51:38] [Basico] root
[15/05/2024 17:52:54] [Basico] root
[15/05/2024 17:52:58] [Basico] root
[15/05/2024 17:53:13] [Basico] root
[15/05/2024 17:53:20] [Basico] root
[15/05/2024 17:53:35] [Basico] root
[15/05/2024 17:53:42] [Basico] root
[15/05/2024 17:54:33] [Basico] root
[15/05/2024 17:57:40] [Basico] root
[15/05/2024 17:59:22] [Basico] root
[15/05/2024 17:59:50] [Basico] root
[15/05/2024 17:59:58] [Basico] root
[15/05/2024 18:01:43] [Basico] root
[15/05/2024 18:03:30] [Basico] root
[15/05/2024 18:03:37] [Basico] root
[15/05/2024 18:04:46] [Basico] root
[15/05/2024 18:05:12] [Basico] root
[15/05/2024 18:08:25] [Basico] root
[16/05/2024 11:43:41] [Basico] root
[16/05/2024 11:43:58] [Basico] root
[16/05/2024 11:44:56] [Basico] root
[16/05/2024 11:53:47] [Basico] root
[16/05/2024 11:53:59] [Basico] root
[21/05/2024 12:17:05] [Basico] root
[21/05/2024 12:17:08] [Basico] root
[21/05/2024 12:17:19] [Basico] root
[21/05/2024 12:19:38] [Basico] root
[21/05/2024 12:19:39] [Basico] root
[21/05/2024 12:20:00] [Basico] root
[21/05/2024 12:20:50] [Basico] root
[21/05/2024 12:20:51] [Basico] root
[21/05/2024 12:20:55] [Basico] root
[21/05/2024 12:21:59] [Basico] root
[21/05/2024 12:22:01] [Basico] root
[21/05/2024 12:22:04] [Basico] root
[21/05/2024 12:22:22] [Basico] root
[21/05/2024 12:22:43] [Basico] root
[21/05/2024 12:22:45] [Basico] root
[21/05/2024 12:22:59] [Basico] root
[21/05/2024 12:23:47] [Basico] root
[21/05/2024 12:23:49] [Basico] root
[21/05/2024 12:23:55] [Basico] root
[21/05/2024 12:25:01] [Basico] root
[21/05/2024 12:25:02] [Basico] root
[21/05/2024 12:26:32] [Basico] root
[21/05/2024 12:26:39] [Basico] root
[21/05/2024 12:26:41] [Basico] root
[21/05/2024 12:26:51] [Basico] root
[21/05/2024 12:27:04] [Basico] root
[21/05/2024 12:31:10] [Basico] root
[21/05/2024 12:31:13] [Basico] root
[21/05/2024 12:31:42] [Basico] root
[21/05/2024 12:34:17] [Basico] root
[21/05/2024 12:34:19] [Basico] root
[21/05/2024 12:34:44] [Basico] root
[21/05/2024 12:35:18] [Basico] root
[21/05/2024 12:35:19] [Basico] root
[21/05/2024 12:35:35] [Basico] root
[21/05/2024 12:38:49] [Basico] root
[21/05/2024 12:38:53] [Basico] root
[21/05/2024 12:39:03] [Basico] root
[21/05/2024 12:52:16] [Basico] root
[21/05/2024 12:52:39] [Basico] root
[21/05/2024 12:57:01] [Basico] root
[21/05/2024 13:01:27] [Basico] root
[21/05/2024 15:41:59] [Basico] gerente
[21/05/2024 15:42:02] [Basico] gerente
[21/05/2024 15:42:06] [Basico] gerente
[21/05/2024 15:42:08] [Basico] gerente
[21/05/2024 15:42:50] [Administrador] gerente
[21/05/2024 15:42:53] [Administrador] gerente
[21/05/2024 15:43:04] [Administrador] gerente
[21/05/2024 15:43:12] [Administrador] gerente
[21/05/2024 16:05:58] [Basico] gerente
[21/05/2024 16:06:04] [Basico] gerente
[22/05/2024 15:15:26] [Basico] gerente
[22/05/2024 15:15:32] [Basico] gerente
[22/05/2024 15:16:11] [Basico] gerente
[22/05/2024 15:16:32] [Basico] gerente
[22/05/2024 15:16:41] [Basico] gerente
[22/05/2024 17:05:55] [Basico] gerente
[22/05/2024 17:05:57] [Basico] gerente
[22/05/2024 17:06:19] [Basico] gerente
[22/05/2024 17:07:33] [Basico] gerente
[22/05/2024 17:08:55] [Basico] gerente
[22/05/2024 17:09:46] [Basico] gerente
[22/05/2024 17:12:26] [Basico] gerente
[22/05/2024 17:17:09] [Basico] gerente
[22/05/2024 17:17:29] [Basico] gerente
[22/05/2024 17:18:04] [Basico] gerente
[22/05/2024 17:18:12] [Basico] gerente
[22/05/2024 17:23:22] [Basico] gerente
[22/05/2024 17:23:33] [Basico] gerente
[22/05/2024 17:23:46] [Basico] gerente
[22/05/2024 17:25:19] [Basico] Accede usuario 'Basico'
[22/05/2024 17:25:35] [Basico] insert into oficinas values (null, 'arjona 7', '698754123');
[22/05/2024 17:25:37] [Basico] Sale usuario 'Basico'
[22/05/2024 17:37:41] [Basico] Accede usuario 'Basico'
[22/05/2024 17:37:57] [Basico] Sale usuario 'Basico'
[22/05/2024 17:38:07] [Administrador] Accede usuario 'Administrador'
[22/05/2024 17:38:10] [Administrador] Sale usuario 'Administrador'
[22/05/2024 17:39:20] [Basico] Accede usuario 'Basico'
[22/05/2024 17:39:29] [Basico] Sale usuario 'Basico'
[22/05/2024 17:39:40] [Administrador] Accede usuario 'Administrador'
[22/05/2024 17:39:43] [Administrador] Consulta Oficinas
[22/05/2024 17:39:55] [Administrador] update oficinas set direccionOficina='barzola 15', telefonoOficina='954687541' where idOficina = 8;
[22/05/2024 17:39:58] [Administrador] Sale usuario 'Administrador'
[22/05/2024 17:40:05] [Basico] Accede usuario 'Basico'
[22/05/2024 17:40:17] [Basico] insert into oficinas values (null, 'betis 12', '954654987');
[22/05/2024 17:40:28] [Basico] Sale usuario 'Basico'
[23/05/2024 13:15:20] [Basico] Accede usuario 'Basico'
[23/05/2024 13:15:22] [Basico] Entra en ayuda 'Basico'
[23/05/2024 13:15:29] [Basico] Entra en ayuda 'Basico'
[23/05/2024 13:15:37] [Basico] Sale usuario 'Basico'
[23/05/2024 13:16:07] [Basico] Accede usuario 'Basico'
[23/05/2024 13:16:08] [Basico] Entra en ayuda 'Basico'
[23/05/2024 13:16:20] [Basico] Sale usuario 'Basico'
[23/05/2024 13:19:23] [Basico] Accede usuario 'Basico'
[23/05/2024 13:19:24] [Basico] Entra en ayuda 'Basico'
[23/05/2024 13:19:43] [Basico] Sale usuario 'Basico'
